<?xml version="1.0" encoding="UTF-8"?>
<testng-results ignored="0" total="1" passed="1" failed="0" skipped="0">
  <reporter-output>
  </reporter-output>
  <suite started-at="2022-08-03T15:30:42 CDT" name="Default suite" finished-at="2022-08-03T15:30:47 CDT" duration-ms="5588">
    <groups>
    </groups>
    <test started-at="2022-08-03T15:30:42 CDT" name="Default test" finished-at="2022-08-03T15:30:47 CDT" duration-ms="5588">
      <class name="Test.AddCustomerTest">
        <test-method signature="userShoulBeAbleToAddCustomer()[pri:0, instance:Test.AddCustomerTest@59af0466]" started-at="2022-08-03T15:30:42 CDT" name="userShoulBeAbleToAddCustomer" finished-at="2022-08-03T15:30:47 CDT" duration-ms="5551" status="PASS">
          <reporter-output>
          </reporter-output>
        </test-method> <!-- userShoulBeAbleToAddCustomer -->
      </class> <!-- Test.AddCustomerTest -->
    </test> <!-- Default test -->
  </suite> <!-- Default suite -->
</testng-results>
